2018-11-06 17:12:38.489  INFO 7980 --- [main] com.move.MoveApplication                 : Starting MoveApplication on AM-201803271820 with PID 7980 (D:\Work\move\target\classes started by Administrator in D:\Work\move)
2018-11-06 17:12:38.492  INFO 7980 --- [main] com.move.MoveApplication                 : No active profile set, falling back to default profiles: default
2018-11-06 17:12:38.578  INFO 7980 --- [main] ConfigServletWebServerApplicationContext : Refreshing org.springframework.boot.web.servlet.context.AnnotationConfigServletWebServerApplicationContext@33afa13b: startup date [Tue Nov 06 17:12:38 GMT+08:00 2018]; root of context hierarchy
2018-11-06 17:12:39.800  INFO 7980 --- [main] trationDelegate$BeanPostProcessorChecker : Bean 'org.springframework.transaction.annotation.ProxyTransactionManagementConfiguration' of type [org.springframework.transaction.annotation.ProxyTransactionManagementConfiguration$$EnhancerBySpringCGLIB$$b23ad491] is not eligible for getting processed by all BeanPostProcessors (for example: not eligible for auto-proxying)
2018-11-06 17:12:40.295  INFO 7980 --- [main] o.s.b.w.embedded.tomcat.TomcatWebServer  : Tomcat initialized with port(s): 8083 (http)
2018-11-06 17:12:40.314  INFO 7980 --- [main] o.apache.catalina.core.StandardService   : Starting service [Tomcat]
2018-11-06 17:12:40.314  INFO 7980 --- [main] org.apache.catalina.core.StandardEngine  : Starting Servlet Engine: Apache Tomcat/8.5.34
2018-11-06 17:12:40.318  INFO 7980 --- [localhost-startStop-1] o.a.catalina.core.AprLifecycleListener   : The APR based Apache Tomcat Native library which allows optimal performance in production environments was not found on the java.library.path: [D:\Work\jdk1.8.0_91\bin;C:\Windows\Sun\Java\bin;C:\Windows\system32;C:\Windows;C:\Program Files (x86)\Common Files\Oracle\Java\javapath;C:\ProgramData\Oracle\Java\javapath;C:\Windows\system32;C:\Windows;C:\Windows\System32\Wbem;C:\Windows\System32\WindowsPowerShell\v1.0\;C:\Program Files\nodejs\;C:\Program Files\Git\cmd;C:\Program Files\TortoiseGit\bin;C:\Program Files\VanDyke Software\SecureFX\;C:\Users\Administrator\AppData\Local\Programs\Python\Python37\Scripts\;C:\Users\Administrator\AppData\Local\Programs\Python\Python37\;C:\Users\Administrator\AppData\Roaming\npm;C:\Users\Administrator\AppData\Local\GitHubDesktop\bin;.]
2018-11-06 17:12:40.407  INFO 7980 --- [localhost-startStop-1] o.a.c.c.C.[Tomcat].[localhost].[/]       : Initializing Spring embedded WebApplicationContext
2018-11-06 17:12:40.407  INFO 7980 --- [localhost-startStop-1] o.s.web.context.ContextLoader            : Root WebApplicationContext: initialization completed in 1829 ms
2018-11-06 17:12:40.465  INFO 7980 --- [localhost-startStop-1] o.s.b.w.servlet.ServletRegistrationBean  : Servlet dispatcherServlet mapped to [/]
2018-11-06 17:12:40.469  INFO 7980 --- [localhost-startStop-1] o.s.b.w.servlet.FilterRegistrationBean   : Mapping filter: 'characterEncodingFilter' to: [/*]
2018-11-06 17:12:40.470  INFO 7980 --- [localhost-startStop-1] o.s.b.w.servlet.FilterRegistrationBean   : Mapping filter: 'hiddenHttpMethodFilter' to: [/*]
2018-11-06 17:12:40.470  INFO 7980 --- [localhost-startStop-1] o.s.b.w.servlet.FilterRegistrationBean   : Mapping filter: 'httpPutFormContentFilter' to: [/*]
2018-11-06 17:12:40.470  INFO 7980 --- [localhost-startStop-1] o.s.b.w.servlet.FilterRegistrationBean   : Mapping filter: 'requestContextFilter' to: [/*]
2018-11-06 17:12:40.692  INFO 7980 --- [main] com.zaxxer.hikari.HikariDataSource       : HikariPool-1 - Starting...
2018-11-06 17:12:40.720  INFO 7980 --- [main] com.zaxxer.hikari.pool.PoolBase          : HikariPool-1 - Driver does not support get/set network timeout for connections. (Not yet supported)
2018-11-06 17:12:40.725  INFO 7980 --- [main] com.zaxxer.hikari.HikariDataSource       : HikariPool-1 - Start completed.
2018-11-06 17:12:40.862  INFO 7980 --- [main] j.LocalContainerEntityManagerFactoryBean : Building JPA container EntityManagerFactory for persistence unit 'default'
2018-11-06 17:12:40.873  INFO 7980 --- [main] o.hibernate.jpa.internal.util.LogHelper  : HHH000204: Processing PersistenceUnitInfo [
	name: default
	...]
2018-11-06 17:12:40.932  INFO 7980 --- [main] org.hibernate.Version                    : HHH000412: Hibernate Core {5.2.17.Final}
2018-11-06 17:12:40.933  INFO 7980 --- [main] org.hibernate.cfg.Environment            : HHH000206: hibernate.properties not found
2018-11-06 17:12:40.966  INFO 7980 --- [main] o.hibernate.annotations.common.Version   : HCANN000001: Hibernate Commons Annotations {5.0.1.Final}
2018-11-06 17:12:41.070  INFO 7980 --- [main] org.hibernate.dialect.Dialect            : HHH000400: Using dialect: org.hibernate.dialect.MySQL5Dialect
2018-11-06 17:12:41.491  INFO 7980 --- [main] j.LocalContainerEntityManagerFactoryBean : Initialized JPA EntityManagerFactory for persistence unit 'default'
2018-11-06 17:12:41.840  INFO 7980 --- [main] o.s.w.s.handler.SimpleUrlHandlerMapping  : Mapped URL path [/**/favicon.ico] onto handler of type [class org.springframework.web.servlet.resource.ResourceHttpRequestHandler]
2018-11-06 17:12:42.147  INFO 7980 --- [main] s.w.s.m.m.a.RequestMappingHandlerAdapter : Looking for @ControllerAdvice: org.springframework.boot.web.servlet.context.AnnotationConfigServletWebServerApplicationContext@33afa13b: startup date [Tue Nov 06 17:12:38 GMT+08:00 2018]; root of context hierarchy
2018-11-06 17:12:42.178  WARN 7980 --- [main] aWebConfiguration$JpaWebMvcConfiguration : spring.jpa.open-in-view is enabled by default. Therefore, database queries may be performed during view rendering. Explicitly configure spring.jpa.open-in-view to disable this warning
2018-11-06 17:12:42.215  INFO 7980 --- [main] s.w.s.m.m.a.RequestMappingHandlerMapping : Mapped "{[/data/originalMap],methods=[GET]}" onto public java.lang.Object com.move.action.DataAction.originalMap(java.lang.String,java.lang.String,java.lang.Integer,com.move.utils.UserInfo)
2018-11-06 17:12:42.216  INFO 7980 --- [main] s.w.s.m.m.a.RequestMappingHandlerMapping : Mapped "{[/data/dataDataGrid],methods=[GET]}" onto public java.lang.Object com.move.action.DataAction.dataDataGrid(com.move.utils.UserInfo,java.lang.Integer,java.lang.Integer,java.lang.String,java.lang.String,java.lang.Integer)
2018-11-06 17:12:42.216  INFO 7980 --- [main] s.w.s.m.m.a.RequestMappingHandlerMapping : Mapped "{[/data/setAverageData],methods=[POST]}" onto public java.lang.Object com.move.action.DataAction.setAverageData(java.lang.String,java.lang.Integer,com.move.utils.UserInfo)
2018-11-06 17:12:42.217  INFO 7980 --- [main] s.w.s.m.m.a.RequestMappingHandlerMapping : Mapped "{[/file/upload],methods=[POST]}" onto public java.lang.Object com.move.action.FileAction.uploadPicture(org.springframework.web.multipart.MultipartFile,javax.servlet.http.HttpServletRequest,javax.servlet.http.HttpServletResponse,com.move.utils.UserInfo) throws java.lang.IllegalStateException,java.io.IOException
2018-11-06 17:12:42.218  INFO 7980 --- [main] s.w.s.m.m.a.RequestMappingHandlerMapping : Mapped "{[/login/loadInfo],methods=[POST]}" onto public java.lang.Object com.move.action.LoginAction.loadInfo(java.lang.String,java.lang.String,java.lang.String)
2018-11-06 17:12:42.218  INFO 7980 --- [main] s.w.s.m.m.a.RequestMappingHandlerMapping : Mapped "{[/login/loadOut],methods=[POST]}" onto public java.lang.Object com.move.action.LoginAction.loadInfo(com.move.utils.UserInfo)
2018-11-06 17:12:42.220  INFO 7980 --- [main] s.w.s.m.m.a.RequestMappingHandlerMapping : Mapped "{[/mobile/myHistoryData],methods=[GET]}" onto public java.lang.Object com.move.action.MobileAction.myHistoryData(java.lang.String,java.lang.String,com.move.utils.UserInfo)
2018-11-06 17:12:42.221  INFO 7980 --- [main] s.w.s.m.m.a.RequestMappingHandlerMapping : Mapped "{[/mobile/getHistoryData],methods=[GET]}" onto public java.lang.Object com.move.action.MobileAction.findOriginal(java.lang.String,com.move.utils.UserInfo)
2018-11-06 17:12:42.221  INFO 7980 --- [main] s.w.s.m.m.a.RequestMappingHandlerMapping : Mapped "{[/mobile/getInfos],methods=[GET]}" onto public java.lang.Object com.move.action.MobileAction.getInfos(java.lang.String,java.lang.String,com.move.utils.UserInfo)
2018-11-06 17:12:42.221  INFO 7980 --- [main] s.w.s.m.m.a.RequestMappingHandlerMapping : Mapped "{[/mobile/loadInfo],methods=[GET]}" onto public java.lang.Object com.move.action.MobileAction.loadInfo(java.lang.String)
2018-11-06 17:12:42.221  INFO 7980 --- [main] s.w.s.m.m.a.RequestMappingHandlerMapping : Mapped "{[/mobile/historyData],methods=[GET]}" onto public java.lang.Object com.move.action.MobileAction.historyData(java.lang.Integer,java.lang.Integer,java.lang.String,com.move.utils.UserInfo)
2018-11-06 17:12:42.226  INFO 7980 --- [main] s.w.s.m.m.a.RequestMappingHandlerMapping : Mapped "{[/org/saveGroup],methods=[POST]}" onto public java.lang.Object com.move.action.OrgAction.saveGroup(java.lang.Integer,java.lang.String,com.move.utils.UserInfo)
2018-11-06 17:12:42.226  INFO 7980 --- [main] s.w.s.m.m.a.RequestMappingHandlerMapping : Mapped "{[/org/deleteDept],methods=[POST]}" onto public java.lang.Object com.move.action.OrgAction.deleteDept(java.lang.Integer,com.move.utils.UserInfo)
2018-11-06 17:12:42.227  INFO 7980 --- [main] s.w.s.m.m.a.RequestMappingHandlerMapping : Mapped "{[/org/deleteGroup],methods=[POST]}" onto public java.lang.Object com.move.action.OrgAction.deleteGroup(java.lang.Integer,com.move.utils.UserInfo)
2018-11-06 17:12:42.227  INFO 7980 --- [main] s.w.s.m.m.a.RequestMappingHandlerMapping : Mapped "{[/org/saveDept],methods=[POST]}" onto public java.lang.Object com.move.action.OrgAction.saveDept(java.lang.Integer,java.lang.String,java.lang.String,com.move.utils.UserInfo)
2018-11-06 17:12:42.227  INFO 7980 --- [main] s.w.s.m.m.a.RequestMappingHandlerMapping : Mapped "{[/org/findGroup],methods=[GET]}" onto public java.lang.Object com.move.action.OrgAction.findGroupAll(com.move.utils.UserInfo)
2018-11-06 17:12:42.227  INFO 7980 --- [main] s.w.s.m.m.a.RequestMappingHandlerMapping : Mapped "{[/org/findDept],methods=[GET]}" onto public java.lang.Object com.move.action.OrgAction.findDept(com.move.utils.UserInfo,java.lang.String)
2018-11-06 17:12:42.228  INFO 7980 --- [main] s.w.s.m.m.a.RequestMappingHandlerMapping : Mapped "{[/org/findGroupMap],methods=[GET]}" onto public java.lang.Object com.move.action.OrgAction.findGroupMap(com.move.utils.UserInfo)
2018-11-06 17:12:42.228  INFO 7980 --- [main] s.w.s.m.m.a.RequestMappingHandlerMapping : Mapped "{[/org/findDeptMap],methods=[GET]}" onto public java.lang.Object com.move.action.OrgAction.findDeptMap(com.move.utils.UserInfo,java.lang.String)
2018-11-06 17:12:42.228  INFO 7980 --- [main] s.w.s.m.m.a.RequestMappingHandlerMapping : Mapped "{[/org/groupDataGrid],methods=[GET]}" onto public java.lang.Object com.move.action.OrgAction.groupDataGrid(com.move.utils.UserInfo,java.lang.Integer,java.lang.Integer)
2018-11-06 17:12:42.228  INFO 7980 --- [main] s.w.s.m.m.a.RequestMappingHandlerMapping : Mapped "{[/org/deptDataGrid],methods=[GET]}" onto public java.lang.Object com.move.action.OrgAction.deptDataGrid(com.move.utils.UserInfo,java.lang.Integer,java.lang.Integer)
2018-11-06 17:12:42.231  INFO 7980 --- [main] s.w.s.m.m.a.RequestMappingHandlerMapping : Mapped "{[/wxData/refreshTag],methods=[GET]}" onto public java.lang.Object com.move.action.RefreshInfoAction.refreshTag(com.move.utils.UserInfo)
2018-11-06 17:12:42.232  INFO 7980 --- [main] s.w.s.m.m.a.RequestMappingHandlerMapping : Mapped "{[/wxData/getUserInfo],methods=[GET]}" onto public java.lang.Object com.move.action.RefreshInfoAction.refreshUser(java.lang.String,com.move.utils.UserInfo)
2018-11-06 17:12:42.232  INFO 7980 --- [main] s.w.s.m.m.a.RequestMappingHandlerMapping : Mapped "{[/wxData/refreshDept],methods=[GET]}" onto public java.lang.Object com.move.action.RefreshInfoAction.refreshDept(com.move.utils.UserInfo)
2018-11-06 17:12:42.233  INFO 7980 --- [main] s.w.s.m.m.a.RequestMappingHandlerMapping : Mapped "{[/user/findUserList],methods=[GET]}" onto public java.lang.Object com.move.action.UserAction.findUserData()
2018-11-06 17:12:42.233  INFO 7980 --- [main] s.w.s.m.m.a.RequestMappingHandlerMapping : Mapped "{[/user/userDataGrid],methods=[GET]}" onto public java.lang.Object com.move.action.UserAction.userDataGrid(com.move.utils.UserInfo,java.lang.Integer,java.lang.Integer,java.lang.String,java.lang.String)
2018-11-06 17:12:42.234  INFO 7980 --- [main] s.w.s.m.m.a.RequestMappingHandlerMapping : Mapped "{[/user/setUserRelation],methods=[POST]}" onto public java.lang.Object com.move.action.UserAction.setUserRelation(java.lang.String,java.lang.Integer,java.lang.Integer,com.move.utils.UserInfo)
2018-11-06 17:12:42.234  INFO 7980 --- [main] s.w.s.m.m.a.RequestMappingHandlerMapping : Mapped "{[/hello/say],methods=[GET]}" onto public java.lang.String com.move.demo.HelloWorld.say(java.lang.Integer)
2018-11-06 17:12:42.236  INFO 7980 --- [main] s.w.s.m.m.a.RequestMappingHandlerMapping : Mapped "{[/error]}" onto public org.springframework.http.ResponseEntity<java.util.Map<java.lang.String, java.lang.Object>> org.springframework.boot.autoconfigure.web.servlet.error.BasicErrorController.error(javax.servlet.http.HttpServletRequest)
2018-11-06 17:12:42.237  INFO 7980 --- [main] s.w.s.m.m.a.RequestMappingHandlerMapping : Mapped "{[/error],produces=[text/html]}" onto public org.springframework.web.servlet.ModelAndView org.springframework.boot.autoconfigure.web.servlet.error.BasicErrorController.errorHtml(javax.servlet.http.HttpServletRequest,javax.servlet.http.HttpServletResponse)
2018-11-06 17:12:42.276  INFO 7980 --- [main] o.s.w.s.handler.SimpleUrlHandlerMapping  : Mapped URL path [/webjars/**] onto handler of type [class org.springframework.web.servlet.resource.ResourceHttpRequestHandler]
2018-11-06 17:12:42.276  INFO 7980 --- [main] o.s.w.s.handler.SimpleUrlHandlerMapping  : Mapped URL path [/**] onto handler of type [class org.springframework.web.servlet.resource.ResourceHttpRequestHandler]
2018-11-06 17:12:42.641  INFO 7980 --- [main] o.s.j.e.a.AnnotationMBeanExporter        : Registering beans for JMX exposure on startup
2018-11-06 17:12:42.643  INFO 7980 --- [main] o.s.j.e.a.AnnotationMBeanExporter        : Bean with name 'dataSource' has been autodetected for JMX exposure
2018-11-06 17:12:42.649  INFO 7980 --- [main] o.s.j.e.a.AnnotationMBeanExporter        : Located MBean 'dataSource': registering with JMX server as MBean [com.zaxxer.hikari:name=dataSource,type=HikariDataSource]
2018-11-06 17:12:42.680  INFO 7980 --- [main] o.s.b.w.embedded.tomcat.TomcatWebServer  : Tomcat started on port(s): 8083 (http) with context path ''
2018-11-06 17:12:42.684  INFO 7980 --- [main] com.move.MoveApplication                 : Started MoveApplication in 4.725 seconds (JVM running for 5.385)
2018-11-06 17:29:46.444  INFO 5128 --- [main] com.move.demo.MoveApplicationTests       : Starting MoveApplicationTests on AM-201803271820 with PID 5128 (started by Administrator in D:\Work\move)
2018-11-06 17:29:46.446  INFO 5128 --- [main] com.move.demo.MoveApplicationTests       : No active profile set, falling back to default profiles: default
2018-11-06 17:29:46.478  INFO 5128 --- [main] o.s.w.c.s.GenericWebApplicationContext   : Refreshing org.springframework.web.context.support.GenericWebApplicationContext@15888343: startup date [Tue Nov 06 17:29:46 GMT+08:00 2018]; root of context hierarchy
2018-11-06 17:29:48.473  INFO 5128 --- [main] trationDelegate$BeanPostProcessorChecker : Bean 'org.springframework.transaction.annotation.ProxyTransactionManagementConfiguration' of type [org.springframework.transaction.annotation.ProxyTransactionManagementConfiguration$$EnhancerBySpringCGLIB$$80e447] is not eligible for getting processed by all BeanPostProcessors (for example: not eligible for auto-proxying)
2018-11-06 17:29:49.039  INFO 5128 --- [main] com.zaxxer.hikari.HikariDataSource       : HikariPool-1 - Starting...
2018-11-06 17:29:49.187  INFO 5128 --- [main] com.zaxxer.hikari.pool.PoolBase          : HikariPool-1 - Driver does not support get/set network timeout for connections. (Not yet supported)
2018-11-06 17:29:49.192  INFO 5128 --- [main] com.zaxxer.hikari.HikariDataSource       : HikariPool-1 - Start completed.
2018-11-06 17:29:49.266  INFO 5128 --- [main] j.LocalContainerEntityManagerFactoryBean : Building JPA container EntityManagerFactory for persistence unit 'default'
2018-11-06 17:29:49.284  INFO 5128 --- [main] o.hibernate.jpa.internal.util.LogHelper  : HHH000204: Processing PersistenceUnitInfo [
	name: default
	...]
2018-11-06 17:29:49.366  INFO 5128 --- [main] org.hibernate.Version                    : HHH000412: Hibernate Core {5.2.17.Final}
2018-11-06 17:29:49.368  INFO 5128 --- [main] org.hibernate.cfg.Environment            : HHH000206: hibernate.properties not found
2018-11-06 17:29:49.416  INFO 5128 --- [main] o.hibernate.annotations.common.Version   : HCANN000001: Hibernate Commons Annotations {5.0.1.Final}
2018-11-06 17:29:49.548  INFO 5128 --- [main] org.hibernate.dialect.Dialect            : HHH000400: Using dialect: org.hibernate.dialect.MySQL5Dialect
2018-11-06 17:29:50.289  INFO 5128 --- [main] j.LocalContainerEntityManagerFactoryBean : Initialized JPA EntityManagerFactory for persistence unit 'default'
2018-11-06 17:29:51.420  INFO 5128 --- [main] o.s.w.s.handler.SimpleUrlHandlerMapping  : Mapped URL path [/**/favicon.ico] onto handler of type [class org.springframework.web.servlet.resource.ResourceHttpRequestHandler]
2018-11-06 17:29:51.914  INFO 5128 --- [main] s.w.s.m.m.a.RequestMappingHandlerAdapter : Looking for @ControllerAdvice: org.springframework.web.context.support.GenericWebApplicationContext@15888343: startup date [Tue Nov 06 17:29:46 GMT+08:00 2018]; root of context hierarchy
2018-11-06 17:29:51.981  WARN 5128 --- [main] aWebConfiguration$JpaWebMvcConfiguration : spring.jpa.open-in-view is enabled by default. Therefore, database queries may be performed during view rendering. Explicitly configure spring.jpa.open-in-view to disable this warning
2018-11-06 17:29:52.047  INFO 5128 --- [main] s.w.s.m.m.a.RequestMappingHandlerMapping : Mapped "{[/data/originalMap],methods=[GET]}" onto public java.lang.Object com.move.action.DataAction.originalMap(java.lang.String,java.lang.String,java.lang.Integer,com.move.utils.UserInfo)
2018-11-06 17:29:52.050  INFO 5128 --- [main] s.w.s.m.m.a.RequestMappingHandlerMapping : Mapped "{[/data/dataDataGrid],methods=[GET]}" onto public java.lang.Object com.move.action.DataAction.dataDataGrid(com.move.utils.UserInfo,java.lang.Integer,java.lang.Integer,java.lang.String,java.lang.String,java.lang.Integer)
2018-11-06 17:29:52.051  INFO 5128 --- [main] s.w.s.m.m.a.RequestMappingHandlerMapping : Mapped "{[/data/setAverageData],methods=[POST]}" onto public java.lang.Object com.move.action.DataAction.setAverageData(java.lang.String,java.lang.Integer,com.move.utils.UserInfo)
2018-11-06 17:29:52.053  INFO 5128 --- [main] s.w.s.m.m.a.RequestMappingHandlerMapping : Mapped "{[/file/upload],methods=[POST]}" onto public java.lang.Object com.move.action.FileAction.uploadPicture(org.springframework.web.multipart.MultipartFile,javax.servlet.http.HttpServletRequest,javax.servlet.http.HttpServletResponse,com.move.utils.UserInfo) throws java.lang.IllegalStateException,java.io.IOException
2018-11-06 17:29:52.056  INFO 5128 --- [main] s.w.s.m.m.a.RequestMappingHandlerMapping : Mapped "{[/login/loadInfo],methods=[POST]}" onto public java.lang.Object com.move.action.LoginAction.loadInfo(java.lang.String,java.lang.String,java.lang.String)
2018-11-06 17:29:52.056  INFO 5128 --- [main] s.w.s.m.m.a.RequestMappingHandlerMapping : Mapped "{[/login/loadOut],methods=[POST]}" onto public java.lang.Object com.move.action.LoginAction.loadInfo(com.move.utils.UserInfo)
2018-11-06 17:29:52.063  INFO 5128 --- [main] s.w.s.m.m.a.RequestMappingHandlerMapping : Mapped "{[/mobile/getInfos],methods=[GET]}" onto public java.lang.Object com.move.action.MobileAction.getInfos(java.lang.String,java.lang.String,com.move.utils.UserInfo)
2018-11-06 17:29:52.064  INFO 5128 --- [main] s.w.s.m.m.a.RequestMappingHandlerMapping : Mapped "{[/mobile/historyData],methods=[GET]}" onto public java.lang.Object com.move.action.MobileAction.historyData(java.lang.Integer,java.lang.Integer,java.lang.String,com.move.utils.UserInfo)
2018-11-06 17:29:52.065  INFO 5128 --- [main] s.w.s.m.m.a.RequestMappingHandlerMapping : Mapped "{[/mobile/myHistoryData],methods=[GET]}" onto public java.lang.Object com.move.action.MobileAction.myHistoryData(java.lang.String,java.lang.String,com.move.utils.UserInfo)
2018-11-06 17:29:52.067  INFO 5128 --- [main] s.w.s.m.m.a.RequestMappingHandlerMapping : Mapped "{[/mobile/loadInfo],methods=[GET]}" onto public java.lang.Object com.move.action.MobileAction.loadInfo(java.lang.String)
2018-11-06 17:29:52.067  INFO 5128 --- [main] s.w.s.m.m.a.RequestMappingHandlerMapping : Mapped "{[/mobile/getHistoryData],methods=[GET]}" onto public java.lang.Object com.move.action.MobileAction.findOriginal(java.lang.String,com.move.utils.UserInfo)
2018-11-06 17:29:52.078  INFO 5128 --- [main] s.w.s.m.m.a.RequestMappingHandlerMapping : Mapped "{[/org/saveGroup],methods=[POST]}" onto public java.lang.Object com.move.action.OrgAction.saveGroup(java.lang.Integer,java.lang.String,com.move.utils.UserInfo)
2018-11-06 17:29:52.079  INFO 5128 --- [main] s.w.s.m.m.a.RequestMappingHandlerMapping : Mapped "{[/org/deleteDept],methods=[POST]}" onto public java.lang.Object com.move.action.OrgAction.deleteDept(java.lang.Integer,com.move.utils.UserInfo)
2018-11-06 17:29:52.080  INFO 5128 --- [main] s.w.s.m.m.a.RequestMappingHandlerMapping : Mapped "{[/org/deleteGroup],methods=[POST]}" onto public java.lang.Object com.move.action.OrgAction.deleteGroup(java.lang.Integer,com.move.utils.UserInfo)
2018-11-06 17:29:52.081  INFO 5128 --- [main] s.w.s.m.m.a.RequestMappingHandlerMapping : Mapped "{[/org/saveDept],methods=[POST]}" onto public java.lang.Object com.move.action.OrgAction.saveDept(java.lang.Integer,java.lang.String,java.lang.String,com.move.utils.UserInfo)
2018-11-06 17:29:52.081  INFO 5128 --- [main] s.w.s.m.m.a.RequestMappingHandlerMapping : Mapped "{[/org/findGroup],methods=[GET]}" onto public java.lang.Object com.move.action.OrgAction.findGroupAll(com.move.utils.UserInfo)
2018-11-06 17:29:52.081  INFO 5128 --- [main] s.w.s.m.m.a.RequestMappingHandlerMapping : Mapped "{[/org/findDept],methods=[GET]}" onto public java.lang.Object com.move.action.OrgAction.findDept(com.move.utils.UserInfo,java.lang.String)
2018-11-06 17:29:52.082  INFO 5128 --- [main] s.w.s.m.m.a.RequestMappingHandlerMapping : Mapped "{[/org/findGroupMap],methods=[GET]}" onto public java.lang.Object com.move.action.OrgAction.findGroupMap(com.move.utils.UserInfo)
2018-11-06 17:29:52.082  INFO 5128 --- [main] s.w.s.m.m.a.RequestMappingHandlerMapping : Mapped "{[/org/findDeptMap],methods=[GET]}" onto public java.lang.Object com.move.action.OrgAction.findDeptMap(com.move.utils.UserInfo,java.lang.String)
2018-11-06 17:29:52.082  INFO 5128 --- [main] s.w.s.m.m.a.RequestMappingHandlerMapping : Mapped "{[/org/groupDataGrid],methods=[GET]}" onto public java.lang.Object com.move.action.OrgAction.groupDataGrid(com.move.utils.UserInfo,java.lang.Integer,java.lang.Integer)
2018-11-06 17:29:52.084  INFO 5128 --- [main] s.w.s.m.m.a.RequestMappingHandlerMapping : Mapped "{[/org/deptDataGrid],methods=[GET]}" onto public java.lang.Object com.move.action.OrgAction.deptDataGrid(com.move.utils.UserInfo,java.lang.Integer,java.lang.Integer)
2018-11-06 17:29:52.093  INFO 5128 --- [main] s.w.s.m.m.a.RequestMappingHandlerMapping : Mapped "{[/wxData/refreshTag],methods=[GET]}" onto public java.lang.Object com.move.action.RefreshInfoAction.refreshTag(com.move.utils.UserInfo)
2018-11-06 17:29:52.093  INFO 5128 --- [main] s.w.s.m.m.a.RequestMappingHandlerMapping : Mapped "{[/wxData/getUserInfo],methods=[GET]}" onto public java.lang.Object com.move.action.RefreshInfoAction.refreshUser(java.lang.String,com.move.utils.UserInfo)
2018-11-06 17:29:52.094  INFO 5128 --- [main] s.w.s.m.m.a.RequestMappingHandlerMapping : Mapped "{[/wxData/refreshDept],methods=[GET]}" onto public java.lang.Object com.move.action.RefreshInfoAction.refreshDept(com.move.utils.UserInfo)
2018-11-06 17:29:52.095  INFO 5128 --- [main] s.w.s.m.m.a.RequestMappingHandlerMapping : Mapped "{[/user/findUserList],methods=[GET]}" onto public java.lang.Object com.move.action.UserAction.findUserData()
2018-11-06 17:29:52.097  INFO 5128 --- [main] s.w.s.m.m.a.RequestMappingHandlerMapping : Mapped "{[/user/userDataGrid],methods=[GET]}" onto public java.lang.Object com.move.action.UserAction.userDataGrid(com.move.utils.UserInfo,java.lang.Integer,java.lang.Integer,java.lang.String,java.lang.String)
2018-11-06 17:29:52.098  INFO 5128 --- [main] s.w.s.m.m.a.RequestMappingHandlerMapping : Mapped "{[/user/setUserRelation],methods=[POST]}" onto public java.lang.Object com.move.action.UserAction.setUserRelation(java.lang.String,java.lang.Integer,java.lang.Integer,com.move.utils.UserInfo)
2018-11-06 17:29:52.103  INFO 5128 --- [main] s.w.s.m.m.a.RequestMappingHandlerMapping : Mapped "{[/hello/say],methods=[GET]}" onto public java.lang.String com.move.demo.HelloWorld.say(java.lang.Integer)
2018-11-06 17:29:52.106  INFO 5128 --- [main] s.w.s.m.m.a.RequestMappingHandlerMapping : Mapped "{[/error]}" onto public org.springframework.http.ResponseEntity<java.util.Map<java.lang.String, java.lang.Object>> org.springframework.boot.autoconfigure.web.servlet.error.BasicErrorController.error(javax.servlet.http.HttpServletRequest)
2018-11-06 17:29:52.107  INFO 5128 --- [main] s.w.s.m.m.a.RequestMappingHandlerMapping : Mapped "{[/error],produces=[text/html]}" onto public org.springframework.web.servlet.ModelAndView org.springframework.boot.autoconfigure.web.servlet.error.BasicErrorController.errorHtml(javax.servlet.http.HttpServletRequest,javax.servlet.http.HttpServletResponse)
2018-11-06 17:29:52.182  INFO 5128 --- [main] o.s.w.s.handler.SimpleUrlHandlerMapping  : Mapped URL path [/webjars/**] onto handler of type [class org.springframework.web.servlet.resource.ResourceHttpRequestHandler]
2018-11-06 17:29:52.183  INFO 5128 --- [main] o.s.w.s.handler.SimpleUrlHandlerMapping  : Mapped URL path [/**] onto handler of type [class org.springframework.web.servlet.resource.ResourceHttpRequestHandler]
2018-11-06 17:29:52.765  INFO 5128 --- [main] com.move.demo.MoveApplicationTests       : Started MoveApplicationTests in 6.728 seconds (JVM running for 7.899)
2018-11-06 17:29:53.051  INFO 5128 --- [Thread-2] o.s.w.c.s.GenericWebApplicationContext   : Closing org.springframework.web.context.support.GenericWebApplicationContext@15888343: startup date [Tue Nov 06 17:29:46 GMT+08:00 2018]; root of context hierarchy
2018-11-06 17:29:53.056  INFO 5128 --- [Thread-2] j.LocalContainerEntityManagerFactoryBean : Closing JPA EntityManagerFactory for persistence unit 'default'
2018-11-06 17:29:53.057  INFO 5128 --- [Thread-2] com.zaxxer.hikari.HikariDataSource       : HikariPool-1 - Shutdown initiated...
2018-11-06 17:29:53.128  INFO 5128 --- [Thread-2] com.zaxxer.hikari.HikariDataSource       : HikariPool-1 - Shutdown completed.
